<?xml version="1.0" encoding="UTF-8"?>
<!-- Generated by org.testng.reporters.JUnitReportReporter -->
<testsuite hostname="P5-H818T72" name="org.SeleniumAdvance.ActionsTest" tests="2" failures="0" timestamp="17 May 2018 11:59:14 GMT" time="26.508" errors="0">
  <testcase name="Categories" time="25.057" classname="org.SeleniumAdvance.ActionsTest"/>
  <testcase name="f" time="1.451" classname="org.SeleniumAdvance.ActionsTest"/>
</testsuite> <!-- org.SeleniumAdvance.ActionsTest -->
