<?xml version="1.0" encoding="UTF-8"?>
<!-- Generated by org.testng.reporters.JUnitReportReporter -->
<testsuite hostname="P5-H818T72" name="Utility.ExcelTestMain" tests="4" failures="0" timestamp="17 May 2018 10:22:44 GMT" time="7.482" errors="0">
  <testcase name="f" time="0.798" classname="Utility.ExcelTestMain"/>
  <testcase name="f" time="2.518" classname="Utility.ExcelTestMain"/>
  <testcase name="f" time="3.516" classname="Utility.ExcelTestMain"/>
  <testcase name="f" time="0.650" classname="Utility.ExcelTestMain"/>
</testsuite> <!-- Utility.ExcelTestMain -->
