<?xml version="1.0" encoding="UTF-8"?>
<!-- Generated by org.testng.reporters.JUnitReportReporter -->
<testsuite hostname="P5-H818T72" name="org.SeleniumAdvance.BasicTest" tests="1" failures="0" timestamp="16 May 2018 10:25:07 GMT" time="9.280" errors="0">
  <testcase name="Basic" time="9.280" classname="org.SeleniumAdvance.BasicTest"/>
</testsuite> <!-- org.SeleniumAdvance.BasicTest -->
