<?xml version="1.0" encoding="UTF-8"?>
<!-- Generated by org.testng.reporters.JUnitReportReporter -->
<testsuite hostname="P5-H818T72" name="org.SeleniumAdvance.NewTest" tests="1" failures="0" timestamp="16 May 2018 06:57:56 GMT" time="0.002" errors="0">
  <testcase name="f" time="0.002" classname="org.SeleniumAdvance.NewTest"/>
</testsuite> <!-- org.SeleniumAdvance.NewTest -->
