<?xml version="1.0" encoding="UTF-8"?>
<!-- Generated by org.testng.reporters.JUnitReportReporter -->
<testsuite hostname="P5-H818T72" name="org.SeleniumAdvance.Login" tests="1" failures="0" timestamp="16 May 2018 12:00:38 GMT" time="5.335" errors="0">
  <testcase name="f" time="5.335" classname="org.SeleniumAdvance.Login"/>
</testsuite> <!-- org.SeleniumAdvance.Login -->
